# JRE version: OpenJDK Runtime Environment (8.0_112-b06) (build 1.8.0_112-release-b06)
# Java VM: OpenJDK 64-Bit Server VM (25.112-b06 mixed mode windows-amd64 compressed oops)
Heap:
 PSYoungGen      total 333312K, used 122917K [0x00000000d5580000, 0x00000000f5e00000, 0x0000000100000000)
  eden space 314368K, 33% used [0x00000000d5580000,0x00000000dbb0cff0,0x00000000e8880000)
  from space 18944K, 99% used [0x00000000ea780000,0x00000000eb9fc620,0x00000000eba00000)
  to   space 31744K, 0% used [0x00000000e8880000,0x00000000e8880000,0x00000000ea780000)
 ParOldGen       total 138752K, used 53762K [0x0000000080000000, 0x0000000088780000, 0x00000000d5580000)
  object space 138752K, 38% used [0x0000000080000000,0x0000000083480858,0x0000000088780000)
 Metaspace       used 72736K, capacity 74452K, committed 74624K, reserved 1114112K
  class space    used 9096K, capacity 9515K, committed 9600K, reserved 1048576K
GC Heap History (10 events):
Event: 10.595 GC heap before
{Heap before GC invocations=9 (full 2):
 PSYoungGen      total 205312K, used 190976K [0x00000000d5580000, 0x00000000e3880000, 0x0000000100000000)
  eden space 190976K, 100% used [0x00000000d5580000,0x00000000e1000000,0x00000000e1000000)
  from space 14336K, 0% used [0x00000000e1f00000,0x00000000e1f00000,0x00000000e2d00000)
  to   space 15360K, 0% used [0x00000000e1000000,0x00000000e1000000,0x00000000e1f00000)
 ParOldGen       total 103424K, used 17736K [0x0000000080000000, 0x0000000086500000, 0x00000000d5580000)
  object space 103424K, 17% used [0x0000000080000000,0x0000000081152260,0x0000000086500000)
 Metaspace       used 46935K, capacity 48120K, committed 48256K, reserved 1091584K
  class space    used 6413K, capacity 6729K, committed 6784K, reserved 1048576K
Event: 10.620 GC heap after
Heap after GC invocations=9 (full 2):
 PSYoungGen      total 206336K, used 15351K [0x00000000d5580000, 0x00000000eba00000, 0x0000000100000000)
  eden space 190976K, 0% used [0x00000000d5580000,0x00000000d5580000,0x00000000e1000000)
  from space 15360K, 99% used [0x00000000e1000000,0x00000000e1efdc90,0x00000000e1f00000)
  to   space 18944K, 0% used [0x00000000ea780000,0x00000000ea780000,0x00000000eba00000)
 ParOldGen       total 103424K, used 20935K [0x0000000080000000, 0x0000000086500000, 0x00000000d5580000)
  object space 103424K, 20% used [0x0000000080000000,0x0000000081471f58,0x0000000086500000)
 Metaspace       used 46935K, capacity 48120K, committed 48256K, reserved 1091584K
  class space    used 6413K, capacity 6729K, committed 6784K, reserved 1048576K
}
Event: 17.027 GC heap before
{Heap before GC invocations=10 (full 2):
 PSYoungGen      total 206336K, used 206327K [0x00000000d5580000, 0x00000000eba00000, 0x0000000100000000)
  eden space 190976K, 100% used [0x00000000d5580000,0x00000000e1000000,0x00000000e1000000)
  from space 15360K, 99% used [0x00000000e1000000,0x00000000e1efdc90,0x00000000e1f00000)
  to   space 18944K, 0% used [0x00000000ea780000,0x00000000ea780000,0x00000000eba00000)
 ParOldGen       total 103424K, used 20935K [0x0000000080000000, 0x0000000086500000, 0x00000000d5580000)
  object space 103424K, 20% used [0x0000000080000000,0x0000000081471f58,0x0000000086500000)
 Metaspace       used 57263K, capacity 58866K, committed 59008K, reserved 1099776K
  class space    used 7627K, capacity 8054K, committed 8064K, reserved 1048576K
Event: 17.055 GC heap after
Heap after GC invocations=10 (full 2):
 PSYoungGen      total 335360K, used 18941K [0x00000000d5580000, 0x00000000ebc80000, 0x0000000100000000)
  eden space 316416K, 0% used [0x00000000d5580000,0x00000000d5580000,0x00000000e8a80000)
  from space 18944K, 99% used [0x00000000ea780000,0x00000000eb9ff530,0x00000000eba00000)
  to   space 25600K, 0% used [0x00000000e8a80000,0x00000000e8a80000,0x00000000ea380000)
 ParOldGen       total 103424K, used 30380K [0x0000000080000000, 0x0000000086500000, 0x00000000d5580000)
  object space 103424K, 29% used [0x0000000080000000,0x0000000081dab280,0x0000000086500000)
 Metaspace       used 57263K, capacity 58866K, committed 59008K, reserved 1099776K
  class space    used 7627K, capacity 8054K, committed 8064K, reserved 1048576K
}
Event: 17.076 GC heap before
{Heap before GC invocations=11 (full 2):
 PSYoungGen      total 335360K, used 25103K [0x00000000d5580000, 0x00000000ebc80000, 0x0000000100000000)
  eden space 316416K, 1% used [0x00000000d5580000,0x00000000d5b84930,0x00000000e8a80000)
  from space 18944K, 99% used [0x00000000ea780000,0x00000000eb9ff530,0x00000000eba00000)
  to   space 25600K, 0% used [0x00000000e8a80000,0x00000000e8a80000,0x00000000ea380000)
 ParOldGen       total 103424K, used 30380K [0x0000000080000000, 0x0000000086500000, 0x00000000d5580000)
  object space 103424K, 29% used [0x0000000080000000,0x0000000081dab280,0x0000000086500000)
 Metaspace       used 57476K, capacity 59058K, committed 59096K, reserved 1099776K
  class space    used 7651K, capacity 8054K, committed 8064K, reserved 1048576K
Event: 17.094 GC heap after
Heap after GC invocations=11 (full 2):
 PSYoungGen      total 342016K, used 19186K [0x00000000d5580000, 0x00000000ebc80000, 0x0000000100000000)
  eden space 316416K, 0% used [0x00000000d5580000,0x00000000d5580000,0x00000000e8a80000)
  from space 25600K, 74% used [0x00000000e8a80000,0x00000000e9d3cbf0,0x00000000ea380000)
  to   space 18944K, 0% used [0x00000000ea780000,0x00000000ea780000,0x00000000eba00000)
 ParOldGen       total 103424K, used 30380K [0x0000000080000000, 0x0000000086500000, 0x00000000d5580000)
  object space 103424K, 29% used [0x0000000080000000,0x0000000081dab280,0x0000000086500000)
 Metaspace       used 57476K, capacity 59058K, committed 59096K, reserved 1099776K
  class space    used 7651K, capacity 8054K, committed 8064K, reserved 1048576K
}
Event: 17.094 GC heap before
{Heap before GC invocations=12 (full 3):
 PSYoungGen      total 342016K, used 19186K [0x00000000d5580000, 0x00000000ebc80000, 0x0000000100000000)
  eden space 316416K, 0% used [0x00000000d5580000,0x00000000d5580000,0x00000000e8a80000)
  from space 25600K, 74% used [0x00000000e8a80000,0x00000000e9d3cbf0,0x00000000ea380000)
  to   space 18944K, 0% used [0x00000000ea780000,0x00000000ea780000,0x00000000eba00000)
 ParOldGen       total 103424K, used 30380K [0x0000000080000000, 0x0000000086500000, 0x00000000d5580000)
  object space 103424K, 29% used [0x0000000080000000,0x0000000081dab280,0x0000000086500000)
 Metaspace       used 57476K, capacity 59058K, committed 59096K, reserved 1099776K
  class space    used 7651K, capacity 8054K, committed 8064K, reserved 1048576K
Event: 17.451 GC heap after
Heap after GC invocations=12 (full 3):
 PSYoungGen      total 342016K, used 0K [0x00000000d5580000, 0x00000000ebc80000, 0x0000000100000000)
  eden space 316416K, 0% used [0x00000000d5580000,0x00000000d5580000,0x00000000e8a80000)
  from space 25600K, 0% used [0x00000000e8a80000,0x00000000e8a80000,0x00000000ea380000)
  to   space 18944K, 0% used [0x00000000ea780000,0x00000000ea780000,0x00000000eba00000)
 ParOldGen       total 138752K, used 41575K [0x0000000080000000, 0x0000000088780000, 0x00000000d5580000)
  object space 138752K, 29% used [0x0000000080000000,0x0000000082899ef8,0x0000000088780000)
 Metaspace       used 57476K, capacity 59058K, committed 59096K, reserved 1099776K
  class space    used 7651K, capacity 8054K, committed 8064K, reserved 1048576K
}
Event: 26.835 GC heap before
{Heap before GC invocations=13 (full 3):
 PSYoungGen      total 342016K, used 316416K [0x00000000d5580000, 0x00000000ebc80000, 0x0000000100000000)
  eden space 316416K, 100% used [0x00000000d5580000,0x00000000e8a80000,0x00000000e8a80000)
  from space 25600K, 0% used [0x00000000e8a80000,0x00000000e8a80000,0x00000000ea380000)
  to   space 18944K, 0% used [0x00000000ea780000,0x00000000ea780000,0x00000000eba00000)
 ParOldGen       total 138752K, used 41575K [0x0000000080000000, 0x0000000088780000, 0x00000000d5580000)
  object space 138752K, 29% used [0x0000000080000000,0x0000000082899ef8,0x0000000088780000)
 Metaspace       used 70837K, capacity 72516K, committed 72832K, reserved 1112064K
  class space    used 8882K, capacity 9331K, committed 9344K, reserved 1048576K
Event: 26.864 GC heap after
Heap after GC invocations=13 (full 3):
 PSYoungGen      total 333312K, used 18929K [0x00000000d5580000, 0x00000000f5e00000, 0x0000000100000000)
  eden space 314368K, 0% used [0x00000000d5580000,0x00000000d5580000,0x00000000e8880000)
  from space 18944K, 99% used [0x00000000ea780000,0x00000000eb9fc620,0x00000000eba00000)
  to   space 31744K, 0% used [0x00000000e8880000,0x00000000e8880000,0x00000000ea780000)
 ParOldGen       total 138752K, used 53762K [0x0000000080000000, 0x0000000088780000, 0x00000000d5580000)
  object space 138752K, 38% used [0x0000000080000000,0x0000000083480858,0x0000000088780000)
 Metaspace       used 70837K, capacity 72516K, committed 72832K, reserved 1112064K
  class space    used 8882K, capacity 9331K, committed 9344K, reserved 1048576K
}

