# JRE version: OpenJDK Runtime Environment (8.0_112-b06) (build 1.8.0_112-release-b06)
# Java VM: OpenJDK 64-Bit Server VM (25.112-b06 mixed mode windows-amd64 compressed oops)
Heap:
 PSYoungGen      total 366592K, used 37781K [0x00000000d5580000, 0x00000000ee180000, 0x0000000100000000)
  eden space 347136K, 10% used [0x00000000d5580000,0x00000000d7a65730,0x00000000ea880000)
  from space 19456K, 0% used [0x00000000ec580000,0x00000000ec580000,0x00000000ed880000)
  to   space 29184K, 0% used [0x00000000ea880000,0x00000000ea880000,0x00000000ec500000)
 ParOldGen       total 156160K, used 51451K [0x0000000080000000, 0x0000000089880000, 0x00000000d5580000)
  object space 156160K, 32% used [0x0000000080000000,0x000000008323ef38,0x0000000089880000)
 Metaspace       used 58517K, capacity 60086K, committed 60248K, reserved 1101824K
  class space    used 7814K, capacity 8220K, committed 8320K, reserved 1048576K
GC Heap History (10 events):
Event: 6.862 GC heap before
{Heap before GC invocations=7 (full 1):
 PSYoungGen      total 122880K, used 38216K [0x00000000d5580000, 0x00000000e3c80000, 0x0000000100000000)
  eden space 113664K, 25% used [0x00000000d5580000,0x00000000d71d4398,0x00000000dc480000)
  from space 9216K, 99% used [0x00000000dc480000,0x00000000dcd7deb0,0x00000000dcd80000)
  to   space 15360K, 0% used [0x00000000e2d80000,0x00000000e2d80000,0x00000000e3c80000)
 ParOldGen       total 74752K, used 11806K [0x0000000080000000, 0x0000000084900000, 0x00000000d5580000)
  object space 74752K, 15% used [0x0000000080000000,0x0000000080b87a58,0x0000000084900000)
 Metaspace       used 34679K, capacity 35278K, committed 35456K, reserved 1079296K
  class space    used 4724K, capacity 4915K, committed 4992K, reserved 1048576K
Event: 6.890 GC heap after
Heap after GC invocations=7 (full 1):
 PSYoungGen      total 221184K, used 10923K [0x00000000d5580000, 0x00000000e4100000, 0x0000000100000000)
  eden space 205824K, 0% used [0x00000000d5580000,0x00000000d5580000,0x00000000e1e80000)
  from space 15360K, 71% used [0x00000000e2d80000,0x00000000e382af30,0x00000000e3c80000)
  to   space 15360K, 0% used [0x00000000e1e80000,0x00000000e1e80000,0x00000000e2d80000)
 ParOldGen       total 74752K, used 11806K [0x0000000080000000, 0x0000000084900000, 0x00000000d5580000)
  object space 74752K, 15% used [0x0000000080000000,0x0000000080b87a58,0x0000000084900000)
 Metaspace       used 34679K, capacity 35278K, committed 35456K, reserved 1079296K
  class space    used 4724K, capacity 4915K, committed 4992K, reserved 1048576K
}
Event: 6.890 GC heap before
{Heap before GC invocations=8 (full 2):
 PSYoungGen      total 221184K, used 10923K [0x00000000d5580000, 0x00000000e4100000, 0x0000000100000000)
  eden space 205824K, 0% used [0x00000000d5580000,0x00000000d5580000,0x00000000e1e80000)
  from space 15360K, 71% used [0x00000000e2d80000,0x00000000e382af30,0x00000000e3c80000)
  to   space 15360K, 0% used [0x00000000e1e80000,0x00000000e1e80000,0x00000000e2d80000)
 ParOldGen       total 74752K, used 11806K [0x0000000080000000, 0x0000000084900000, 0x00000000d5580000)
  object space 74752K, 15% used [0x0000000080000000,0x0000000080b87a58,0x0000000084900000)
 Metaspace       used 34679K, capacity 35278K, committed 35456K, reserved 1079296K
  class space    used 4724K, capacity 4915K, committed 4992K, reserved 1048576K
Event: 7.002 GC heap after
Heap after GC invocations=8 (full 2):
 PSYoungGen      total 221184K, used 0K [0x00000000d5580000, 0x00000000e4100000, 0x0000000100000000)
  eden space 205824K, 0% used [0x00000000d5580000,0x00000000d5580000,0x00000000e1e80000)
  from space 15360K, 0% used [0x00000000e2d80000,0x00000000e2d80000,0x00000000e3c80000)
  to   space 15360K, 0% used [0x00000000e1e80000,0x00000000e1e80000,0x00000000e2d80000)
 ParOldGen       total 99328K, used 17571K [0x0000000080000000, 0x0000000086100000, 0x00000000d5580000)
  object space 99328K, 17% used [0x0000000080000000,0x0000000081128d38,0x0000000086100000)
 Metaspace       used 34679K, capacity 35278K, committed 35456K, reserved 1079296K
  class space    used 4724K, capacity 4915K, committed 4992K, reserved 1048576K
}
Event: 11.974 GC heap before
{Heap before GC invocations=9 (full 2):
 PSYoungGen      total 221184K, used 205824K [0x00000000d5580000, 0x00000000e4100000, 0x0000000100000000)
  eden space 205824K, 100% used [0x00000000d5580000,0x00000000e1e80000,0x00000000e1e80000)
  from space 15360K, 0% used [0x00000000e2d80000,0x00000000e2d80000,0x00000000e3c80000)
  to   space 15360K, 0% used [0x00000000e1e80000,0x00000000e1e80000,0x00000000e2d80000)
 ParOldGen       total 99328K, used 17571K [0x0000000080000000, 0x0000000086100000, 0x00000000d5580000)
  object space 99328K, 17% used [0x0000000080000000,0x0000000081128d38,0x0000000086100000)
 Metaspace       used 47424K, capacity 48594K, committed 48896K, reserved 1091584K
  class space    used 6506K, capacity 6836K, committed 6912K, reserved 1048576K
Event: 12.018 GC heap after
Heap after GC invocations=9 (full 2):
 PSYoungGen      total 221184K, used 15344K [0x00000000d5580000, 0x00000000ed880000, 0x0000000100000000)
  eden space 205824K, 0% used [0x00000000d5580000,0x00000000d5580000,0x00000000e1e80000)
  from space 15360K, 99% used [0x00000000e1e80000,0x00000000e2d7c3a0,0x00000000e2d80000)
  to   space 19456K, 0% used [0x00000000ec580000,0x00000000ec580000,0x00000000ed880000)
 ParOldGen       total 99328K, used 21760K [0x0000000080000000, 0x0000000086100000, 0x00000000d5580000)
  object space 99328K, 21% used [0x0000000080000000,0x0000000081540230,0x0000000086100000)
 Metaspace       used 47424K, capacity 48594K, committed 48896K, reserved 1091584K
  class space    used 6506K, capacity 6836K, committed 6912K, reserved 1048576K
}
Event: 17.246 GC heap before
{Heap before GC invocations=10 (full 2):
 PSYoungGen      total 221184K, used 174610K [0x00000000d5580000, 0x00000000ed880000, 0x0000000100000000)
  eden space 205824K, 77% used [0x00000000d5580000,0x00000000df108718,0x00000000e1e80000)
  from space 15360K, 99% used [0x00000000e1e80000,0x00000000e2d7c3a0,0x00000000e2d80000)
  to   space 19456K, 0% used [0x00000000ec580000,0x00000000ec580000,0x00000000ed880000)
 ParOldGen       total 99328K, used 21760K [0x0000000080000000, 0x0000000086100000, 0x00000000d5580000)
  object space 99328K, 21% used [0x0000000080000000,0x0000000081540230,0x0000000086100000)
 Metaspace       used 57482K, capacity 58972K, committed 59096K, reserved 1099776K
  class space    used 7749K, capacity 8125K, committed 8192K, reserved 1048576K
Event: 17.282 GC heap after
Heap after GC invocations=10 (full 2):
 PSYoungGen      total 366592K, used 19437K [0x00000000d5580000, 0x00000000ee180000, 0x0000000100000000)
  eden space 347136K, 0% used [0x00000000d5580000,0x00000000d5580000,0x00000000ea880000)
  from space 19456K, 99% used [0x00000000ec580000,0x00000000ed87b540,0x00000000ed880000)
  to   space 29184K, 0% used [0x00000000ea880000,0x00000000ea880000,0x00000000ec500000)
 ParOldGen       total 99328K, used 38118K [0x0000000080000000, 0x0000000086100000, 0x00000000d5580000)
  object space 99328K, 38% used [0x0000000080000000,0x0000000082539a48,0x0000000086100000)
 Metaspace       used 57482K, capacity 58972K, committed 59096K, reserved 1099776K
  class space    used 7749K, capacity 8125K, committed 8192K, reserved 1048576K
}
Event: 17.282 GC heap before
{Heap before GC invocations=11 (full 3):
 PSYoungGen      total 366592K, used 19437K [0x00000000d5580000, 0x00000000ee180000, 0x0000000100000000)
  eden space 347136K, 0% used [0x00000000d5580000,0x00000000d5580000,0x00000000ea880000)
  from space 19456K, 99% used [0x00000000ec580000,0x00000000ed87b540,0x00000000ed880000)
  to   space 29184K, 0% used [0x00000000ea880000,0x00000000ea880000,0x00000000ec500000)
 ParOldGen       total 99328K, used 38118K [0x0000000080000000, 0x0000000086100000, 0x00000000d5580000)
  object space 99328K, 38% used [0x0000000080000000,0x0000000082539a48,0x0000000086100000)
 Metaspace       used 57482K, capacity 58972K, committed 59096K, reserved 1099776K
  class space    used 7749K, capacity 8125K, committed 8192K, reserved 1048576K
Event: 17.734 GC heap after
Heap after GC invocations=11 (full 3):
 PSYoungGen      total 366592K, used 0K [0x00000000d5580000, 0x00000000ee180000, 0x0000000100000000)
  eden space 347136K, 0% used [0x00000000d5580000,0x00000000d5580000,0x00000000ea880000)
  from space 19456K, 0% used [0x00000000ec580000,0x00000000ec580000,0x00000000ed880000)
  to   space 29184K, 0% used [0x00000000ea880000,0x00000000ea880000,0x00000000ec500000)
 ParOldGen       total 156160K, used 51451K [0x0000000080000000, 0x0000000089880000, 0x00000000d5580000)
  object space 156160K, 32% used [0x0000000080000000,0x000000008323ef38,0x0000000089880000)
 Metaspace       used 57481K, capacity 58966K, committed 59096K, reserved 1099776K
  class space    used 7749K, capacity 8124K, committed 8192K, reserved 1048576K
}

