# JRE version: OpenJDK Runtime Environment (8.0_76-b03) (build 1.8.0_76-release-b03)
# Java VM: OpenJDK 64-Bit Server VM (25.76-b03 mixed mode windows-amd64 compressed oops)
Heap:
 PSYoungGen      total 114688K, used 27953K [0x00000000d5580000, 0x00000000dd680000, 0x0000000100000000)
  eden space 105472K, 17% used [0x00000000d5580000,0x00000000d67cd5a0,0x00000000dbc80000)
  from space 9216K, 99% used [0x00000000dc480000,0x00000000dcd7f1c8,0x00000000dcd80000)
  to   space 7168K, 0% used [0x00000000dcf80000,0x00000000dcf80000,0x00000000dd680000)
 ParOldGen       total 76800K, used 10565K [0x0000000080000000, 0x0000000084b00000, 0x00000000d5580000)
  object space 76800K, 13% used [0x0000000080000000,0x0000000080a51470,0x0000000084b00000)
 Metaspace       used 33906K, capacity 34470K, committed 34816K, reserved 1079296K
  class space    used 4591K, capacity 4744K, committed 4864K, reserved 1048576K
GC Heap History (10 events):
Event: 2.415 GC heap before
{Heap before GC invocations=2 (full 0):
 PSYoungGen      total 67072K, used 65329K [0x00000000d5580000, 0x00000000da000000, 0x0000000100000000)
  eden space 57856K, 100% used [0x00000000d5580000,0x00000000d8e00000,0x00000000d8e00000)
  from space 9216K, 81% used [0x00000000d8e00000,0x00000000d954c6b0,0x00000000d9700000)
  to   space 9216K, 0% used [0x00000000d9700000,0x00000000d9700000,0x00000000da000000)
 ParOldGen       total 153088K, used 16K [0x0000000080000000, 0x0000000089580000, 0x00000000d5580000)
  object space 153088K, 0% used [0x0000000080000000,0x0000000080004000,0x0000000089580000)
 Metaspace       used 20195K, capacity 20510K, committed 20864K, reserved 1067008K
  class space    used 2724K, capacity 2823K, committed 2944K, reserved 1048576K
Event: 2.433 GC heap after
Heap after GC invocations=2 (full 0):
 PSYoungGen      total 67072K, used 9190K [0x00000000d5580000, 0x00000000dd880000, 0x0000000100000000)
  eden space 57856K, 0% used [0x00000000d5580000,0x00000000d5580000,0x00000000d8e00000)
  from space 9216K, 99% used [0x00000000d9700000,0x00000000d9ff9940,0x00000000da000000)
  to   space 9216K, 0% used [0x00000000d8e00000,0x00000000d8e00000,0x00000000d9700000)
 ParOldGen       total 153088K, used 2444K [0x0000000080000000, 0x0000000089580000, 0x00000000d5580000)
  object space 153088K, 1% used [0x0000000080000000,0x0000000080263140,0x0000000089580000)
 Metaspace       used 20195K, capacity 20510K, committed 20864K, reserved 1067008K
  class space    used 2724K, capacity 2823K, committed 2944K, reserved 1048576K
}
Event: 2.451 GC heap before
{Heap before GC invocations=3 (full 0):
 PSYoungGen      total 67072K, used 12585K [0x00000000d5580000, 0x00000000dd880000, 0x0000000100000000)
  eden space 57856K, 5% used [0x00000000d5580000,0x00000000d58d0c58,0x00000000d8e00000)
  from space 9216K, 99% used [0x00000000d9700000,0x00000000d9ff9940,0x00000000da000000)
  to   space 9216K, 0% used [0x00000000d8e00000,0x00000000d8e00000,0x00000000d9700000)
 ParOldGen       total 153088K, used 2444K [0x0000000080000000, 0x0000000089580000, 0x00000000d5580000)
  object space 153088K, 1% used [0x0000000080000000,0x0000000080263140,0x0000000089580000)
 Metaspace       used 20789K, capacity 21086K, committed 21296K, reserved 1067008K
  class space    used 2724K, capacity 2823K, committed 2944K, reserved 1048576K
Event: 2.461 GC heap after
Heap after GC invocations=3 (full 0):
 PSYoungGen      total 67072K, used 7435K [0x00000000d5580000, 0x00000000dd880000, 0x0000000100000000)
  eden space 57856K, 0% used [0x00000000d5580000,0x00000000d5580000,0x00000000d8e00000)
  from space 9216K, 80% used [0x00000000d8e00000,0x00000000d9542fc0,0x00000000d9700000)
  to   space 9216K, 0% used [0x00000000dcf80000,0x00000000dcf80000,0x00000000dd880000)
 ParOldGen       total 153088K, used 2444K [0x0000000080000000, 0x0000000089580000, 0x00000000d5580000)
  object space 153088K, 1% used [0x0000000080000000,0x0000000080263140,0x0000000089580000)
 Metaspace       used 20789K, capacity 21086K, committed 21296K, reserved 1067008K
  class space    used 2724K, capacity 2823K, committed 2944K, reserved 1048576K
}
Event: 2.461 GC heap before
{Heap before GC invocations=4 (full 1):
 PSYoungGen      total 67072K, used 7435K [0x00000000d5580000, 0x00000000dd880000, 0x0000000100000000)
  eden space 57856K, 0% used [0x00000000d5580000,0x00000000d5580000,0x00000000d8e00000)
  from space 9216K, 80% used [0x00000000d8e00000,0x00000000d9542fc0,0x00000000d9700000)
  to   space 9216K, 0% used [0x00000000dcf80000,0x00000000dcf80000,0x00000000dd880000)
 ParOldGen       total 153088K, used 2444K [0x0000000080000000, 0x0000000089580000, 0x00000000d5580000)
  object space 153088K, 1% used [0x0000000080000000,0x0000000080263140,0x0000000089580000)
 Metaspace       used 20789K, capacity 21086K, committed 21296K, reserved 1067008K
  class space    used 2724K, capacity 2823K, committed 2944K, reserved 1048576K
Event: 2.511 GC heap after
Heap after GC invocations=4 (full 1):
 PSYoungGen      total 67072K, used 0K [0x00000000d5580000, 0x00000000dd880000, 0x0000000100000000)
  eden space 57856K, 0% used [0x00000000d5580000,0x00000000d5580000,0x00000000d8e00000)
  from space 9216K, 0% used [0x00000000d8e00000,0x00000000d8e00000,0x00000000d9700000)
  to   space 9216K, 0% used [0x00000000dcf80000,0x00000000dcf80000,0x00000000dd880000)
 ParOldGen       total 76800K, used 7345K [0x0000000080000000, 0x0000000084b00000, 0x00000000d5580000)
  object space 76800K, 9% used [0x0000000080000000,0x000000008072c688,0x0000000084b00000)
 Metaspace       used 20789K, capacity 21086K, committed 21296K, reserved 1067008K
  class space    used 2724K, capacity 2823K, committed 2944K, reserved 1048576K
}
Event: 3.511 GC heap before
{Heap before GC invocations=5 (full 1):
 PSYoungGen      total 67072K, used 57856K [0x00000000d5580000, 0x00000000dd880000, 0x0000000100000000)
  eden space 57856K, 100% used [0x00000000d5580000,0x00000000d8e00000,0x00000000d8e00000)
  from space 9216K, 0% used [0x00000000d8e00000,0x00000000d8e00000,0x00000000d9700000)
  to   space 9216K, 0% used [0x00000000dcf80000,0x00000000dcf80000,0x00000000dd880000)
 ParOldGen       total 76800K, used 7345K [0x0000000080000000, 0x0000000084b00000, 0x00000000d5580000)
  object space 76800K, 9% used [0x0000000080000000,0x000000008072c688,0x0000000084b00000)
 Metaspace       used 25545K, capacity 25912K, committed 26240K, reserved 1071104K
  class space    used 3504K, capacity 3637K, committed 3712K, reserved 1048576K
Event: 3.521 GC heap after
Heap after GC invocations=5 (full 1):
 PSYoungGen      total 112640K, used 6863K [0x00000000d5580000, 0x00000000dd680000, 0x0000000100000000)
  eden space 105472K, 0% used [0x00000000d5580000,0x00000000d5580000,0x00000000dbc80000)
  from space 7168K, 95% used [0x00000000dcf80000,0x00000000dd633db0,0x00000000dd680000)
  to   space 9216K, 0% used [0x00000000dc480000,0x00000000dc480000,0x00000000dcd80000)
 ParOldGen       total 76800K, used 7345K [0x0000000080000000, 0x0000000084b00000, 0x00000000d5580000)
  object space 76800K, 9% used [0x0000000080000000,0x000000008072c688,0x0000000084b00000)
 Metaspace       used 25545K, capacity 25912K, committed 26240K, reserved 1071104K
  class space    used 3504K, capacity 3637K, committed 3712K, reserved 1048576K
}
Event: 5.521 GC heap before
{Heap before GC invocations=6 (full 1):
 PSYoungGen      total 112640K, used 112335K [0x00000000d5580000, 0x00000000dd680000, 0x0000000100000000)
  eden space 105472K, 100% used [0x00000000d5580000,0x00000000dbc80000,0x00000000dbc80000)
  from space 7168K, 95% used [0x00000000dcf80000,0x00000000dd633db0,0x00000000dd680000)
  to   space 9216K, 0% used [0x00000000dc480000,0x00000000dc480000,0x00000000dcd80000)
 ParOldGen       total 76800K, used 7345K [0x0000000080000000, 0x0000000084b00000, 0x00000000d5580000)
  object space 76800K, 9% used [0x0000000080000000,0x000000008072c688,0x0000000084b00000)
 Metaspace       used 32696K, capacity 33190K, committed 33664K, reserved 1079296K
  class space    used 4449K, capacity 4616K, committed 4736K, reserved 1048576K
Event: 5.535 GC heap after
Heap after GC invocations=6 (full 1):
 PSYoungGen      total 114688K, used 9212K [0x00000000d5580000, 0x00000000dd680000, 0x0000000100000000)
  eden space 105472K, 0% used [0x00000000d5580000,0x00000000d5580000,0x00000000dbc80000)
  from space 9216K, 99% used [0x00000000dc480000,0x00000000dcd7f1c8,0x00000000dcd80000)
  to   space 7168K, 0% used [0x00000000dcf80000,0x00000000dcf80000,0x00000000dd680000)
 ParOldGen       total 76800K, used 10565K [0x0000000080000000, 0x0000000084b00000, 0x00000000d5580000)
  object space 76800K, 13% used [0x0000000080000000,0x0000000080a51470,0x0000000084b00000)
 Metaspace       used 32696K, capacity 33190K, committed 33664K, reserved 1079296K
  class space    used 4449K, capacity 4616K, committed 4736K, reserved 1048576K
}

