# JRE version: OpenJDK Runtime Environment (8.0_76-b03) (build 1.8.0_76-release-b03)
# Java VM: OpenJDK 64-Bit Server VM (25.76-b03 mixed mode windows-amd64 compressed oops)
Heap:
 PSYoungGen      total 282112K, used 134663K [0x00000000d5580000, 0x00000000e8800000, 0x0000000100000000)
  eden space 255488K, 43% used [0x00000000d5580000,0x00000000dc231d90,0x00000000e4f00000)
  from space 26624K, 87% used [0x00000000e4f00000,0x00000000e65d0010,0x00000000e6900000)
  to   space 23040K, 0% used [0x00000000e6900000,0x00000000e6900000,0x00000000e7f80000)
 ParOldGen       total 139776K, used 39077K [0x0000000080000000, 0x0000000088880000, 0x00000000d5580000)
  object space 139776K, 27% used [0x0000000080000000,0x00000000826297f8,0x0000000088880000)
 Metaspace       used 50888K, capacity 52488K, committed 52736K, reserved 1095680K
  class space    used 6794K, capacity 7131K, committed 7168K, reserved 1048576K
GC Heap History (10 events):
Event: 10.578 GC heap before
{Heap before GC invocations=9 (full 2):
 PSYoungGen      total 153088K, used 139776K [0x00000000d5580000, 0x00000000e1a00000, 0x0000000100000000)
  eden space 139776K, 100% used [0x00000000d5580000,0x00000000dde00000,0x00000000dde00000)
  from space 13312K, 0% used [0x00000000deb80000,0x00000000deb80000,0x00000000df880000)
  to   space 13824K, 0% used [0x00000000dde00000,0x00000000dde00000,0x00000000deb80000)
 ParOldGen       total 139776K, used 17131K [0x0000000080000000, 0x0000000088880000, 0x00000000d5580000)
  object space 139776K, 12% used [0x0000000080000000,0x00000000810bacc8,0x0000000088880000)
 Metaspace       used 44338K, capacity 45370K, committed 45440K, reserved 1089536K
  class space    used 5917K, capacity 6203K, committed 6272K, reserved 1048576K
Event: 10.618 GC heap after
Heap after GC invocations=9 (full 2):
 PSYoungGen      total 153600K, used 13309K [0x00000000d5580000, 0x00000000e4100000, 0x0000000100000000)
  eden space 139776K, 0% used [0x00000000d5580000,0x00000000d5580000,0x00000000dde00000)
  from space 13824K, 96% used [0x00000000dde00000,0x00000000deaff5c8,0x00000000deb80000)
  to   space 15360K, 0% used [0x00000000e3200000,0x00000000e3200000,0x00000000e4100000)
 ParOldGen       total 139776K, used 17203K [0x0000000080000000, 0x0000000088880000, 0x00000000d5580000)
  object space 139776K, 12% used [0x0000000080000000,0x00000000810cccd8,0x0000000088880000)
 Metaspace       used 44338K, capacity 45370K, committed 45440K, reserved 1089536K
  class space    used 5917K, capacity 6203K, committed 6272K, reserved 1048576K
}
Event: 14.831 GC heap before
{Heap before GC invocations=10 (full 2):
 PSYoungGen      total 153600K, used 153085K [0x00000000d5580000, 0x00000000e4100000, 0x0000000100000000)
  eden space 139776K, 100% used [0x00000000d5580000,0x00000000dde00000,0x00000000dde00000)
  from space 13824K, 96% used [0x00000000dde00000,0x00000000deaff5c8,0x00000000deb80000)
  to   space 15360K, 0% used [0x00000000e3200000,0x00000000e3200000,0x00000000e4100000)
 ParOldGen       total 139776K, used 17203K [0x0000000080000000, 0x0000000088880000, 0x00000000d5580000)
  object space 139776K, 12% used [0x0000000080000000,0x00000000810cccd8,0x0000000088880000)
 Metaspace       used 49165K, capacity 50574K, committed 50688K, reserved 1093632K
  class space    used 6567K, capacity 6874K, committed 6912K, reserved 1048576K
Event: 14.873 GC heap after
Heap after GC invocations=10 (full 2):
 PSYoungGen      total 220672K, used 15346K [0x00000000d5580000, 0x00000000e4700000, 0x0000000100000000)
  eden space 205312K, 0% used [0x00000000d5580000,0x00000000d5580000,0x00000000e1e00000)
  from space 15360K, 99% used [0x00000000e3200000,0x00000000e40fc8d0,0x00000000e4100000)
  to   space 20480K, 0% used [0x00000000e1e00000,0x00000000e1e00000,0x00000000e3200000)
 ParOldGen       total 139776K, used 25244K [0x0000000080000000, 0x0000000088880000, 0x00000000d5580000)
  object space 139776K, 18% used [0x0000000080000000,0x00000000818a71b8,0x0000000088880000)
 Metaspace       used 49165K, capacity 50574K, committed 50688K, reserved 1093632K
  class space    used 6567K, capacity 6874K, committed 6912K, reserved 1048576K
}
Event: 18.255 GC heap before
{Heap before GC invocations=11 (full 2):
 PSYoungGen      total 220672K, used 215365K [0x00000000d5580000, 0x00000000e4700000, 0x0000000100000000)
  eden space 205312K, 97% used [0x00000000d5580000,0x00000000e18d4e60,0x00000000e1e00000)
  from space 15360K, 99% used [0x00000000e3200000,0x00000000e40fc8d0,0x00000000e4100000)
  to   space 20480K, 0% used [0x00000000e1e00000,0x00000000e1e00000,0x00000000e3200000)
 ParOldGen       total 139776K, used 25244K [0x0000000080000000, 0x0000000088880000, 0x00000000d5580000)
  object space 139776K, 18% used [0x0000000080000000,0x00000000818a71b8,0x0000000088880000)
 Metaspace       used 50421K, capacity 51926K, committed 52224K, reserved 1093632K
  class space    used 6713K, capacity 7056K, committed 7168K, reserved 1048576K
Event: 18.273 GC heap after
Heap after GC invocations=11 (full 2):
 PSYoungGen      total 225792K, used 19322K [0x00000000d5580000, 0x00000000e7f80000, 0x0000000100000000)
  eden space 205312K, 0% used [0x00000000d5580000,0x00000000d5580000,0x00000000e1e00000)
  from space 20480K, 94% used [0x00000000e1e00000,0x00000000e30deab0,0x00000000e3200000)
  to   space 23040K, 0% used [0x00000000e6900000,0x00000000e6900000,0x00000000e7f80000)
 ParOldGen       total 139776K, used 31474K [0x0000000080000000, 0x0000000088880000, 0x00000000d5580000)
  object space 139776K, 22% used [0x0000000080000000,0x0000000081ebc9c8,0x0000000088880000)
 Metaspace       used 50421K, capacity 51926K, committed 52224K, reserved 1093632K
  class space    used 6713K, capacity 7056K, committed 7168K, reserved 1048576K
}
Event: 19.284 GC heap before
{Heap before GC invocations=12 (full 2):
 PSYoungGen      total 225792K, used 221533K [0x00000000d5580000, 0x00000000e7f80000, 0x0000000100000000)
  eden space 205312K, 98% used [0x00000000d5580000,0x00000000e1af8cd8,0x00000000e1e00000)
  from space 20480K, 94% used [0x00000000e1e00000,0x00000000e30deab0,0x00000000e3200000)
  to   space 23040K, 0% used [0x00000000e6900000,0x00000000e6900000,0x00000000e7f80000)
 ParOldGen       total 139776K, used 31474K [0x0000000080000000, 0x0000000088880000, 0x00000000d5580000)
  object space 139776K, 22% used [0x0000000080000000,0x0000000081ebc9c8,0x0000000088880000)
 Metaspace       used 50428K, capacity 51926K, committed 52224K, reserved 1093632K
  class space    used 6713K, capacity 7056K, committed 7168K, reserved 1048576K
Event: 19.301 GC heap after
Heap after GC invocations=12 (full 2):
 PSYoungGen      total 278528K, used 23008K [0x00000000d5580000, 0x00000000e8800000, 0x0000000100000000)
  eden space 255488K, 0% used [0x00000000d5580000,0x00000000d5580000,0x00000000e4f00000)
  from space 23040K, 99% used [0x00000000e6900000,0x00000000e7f780d0,0x00000000e7f80000)
  to   space 26624K, 0% used [0x00000000e4f00000,0x00000000e4f00000,0x00000000e6900000)
 ParOldGen       total 139776K, used 33080K [0x0000000080000000, 0x0000000088880000, 0x00000000d5580000)
  object space 139776K, 23% used [0x0000000080000000,0x000000008204e3d0,0x0000000088880000)
 Metaspace       used 50428K, capacity 51926K, committed 52224K, reserved 1093632K
  class space    used 6713K, capacity 7056K, committed 7168K, reserved 1048576K
}
Event: 20.369 GC heap before
{Heap before GC invocations=13 (full 2):
 PSYoungGen      total 278528K, used 255531K [0x00000000d5580000, 0x00000000e8800000, 0x0000000100000000)
  eden space 255488K, 91% used [0x00000000d5580000,0x00000000e3892dc8,0x00000000e4f00000)
  from space 23040K, 99% used [0x00000000e6900000,0x00000000e7f780d0,0x00000000e7f80000)
  to   space 26624K, 0% used [0x00000000e4f00000,0x00000000e4f00000,0x00000000e6900000)
 ParOldGen       total 139776K, used 33080K [0x0000000080000000, 0x0000000088880000, 0x00000000d5580000)
  object space 139776K, 23% used [0x0000000080000000,0x000000008204e3d0,0x0000000088880000)
 Metaspace       used 50442K, capacity 51990K, committed 52224K, reserved 1093632K
  class space    used 6713K, capacity 7056K, committed 7168K, reserved 1048576K
Event: 20.388 GC heap after
Heap after GC invocations=13 (full 2):
 PSYoungGen      total 282112K, used 23360K [0x00000000d5580000, 0x00000000e8800000, 0x0000000100000000)
  eden space 255488K, 0% used [0x00000000d5580000,0x00000000d5580000,0x00000000e4f00000)
  from space 26624K, 87% used [0x00000000e4f00000,0x00000000e65d0010,0x00000000e6900000)
  to   space 23040K, 0% used [0x00000000e6900000,0x00000000e6900000,0x00000000e7f80000)
 ParOldGen       total 139776K, used 39077K [0x0000000080000000, 0x0000000088880000, 0x00000000d5580000)
  object space 139776K, 27% used [0x0000000080000000,0x00000000826297f8,0x0000000088880000)
 Metaspace       used 50442K, capacity 51990K, committed 52224K, reserved 1093632K
  class space    used 6713K, capacity 7056K, committed 7168K, reserved 1048576K
}

